[2023-06-14 08:53:10.454] DEBUG 24552 [background-preinit] [org.hibernate.validator.messageinterpolation.ResourceBundleMessageInterpolator] : Loaded expression factory via original TCCL
[2023-06-14 08:53:10.460] DEBUG 24552 [background-preinit] [org.hibernate.validator.internal.engine.ValidatorFactoryImpl] : HV000234: Using org.hibernate.validator.messageinterpolation.ResourceBundleMessageInterpolator as ValidatorFactory-scoped message interpolator.
[2023-06-14 08:53:10.460] DEBUG 24552 [background-preinit] [org.hibernate.validator.internal.engine.ValidatorFactoryImpl] : HV000234: Using org.hibernate.validator.internal.engine.resolver.TraverseAllTraversableResolver as ValidatorFactory-scoped traversable resolver.
[2023-06-14 08:53:10.460] DEBUG 24552 [background-preinit] [org.hibernate.validator.internal.engine.ValidatorFactoryImpl] : HV000234: Using org.hibernate.validator.internal.util.ExecutableParameterNameProvider as ValidatorFactory-scoped parameter name provider.
[2023-06-14 08:53:10.460] DEBUG 24552 [background-preinit] [org.hibernate.validator.internal.engine.ValidatorFactoryImpl] : HV000234: Using org.hibernate.validator.internal.engine.DefaultClockProvider as ValidatorFactory-scoped clock provider.
[2023-06-14 08:53:10.460] DEBUG 24552 [background-preinit] [org.hibernate.validator.internal.engine.ValidatorFactoryImpl] : HV000234: Using org.hibernate.validator.internal.engine.scripting.DefaultScriptEvaluatorFactory as ValidatorFactory-scoped script evaluator factory.
[2023-06-14 08:53:10.478] INFO 24552 [main] [com.nyp.Application] : Starting Application on PC-20210702ANVU with PID 24552 (E:\ideaproject\dydatasource\target\classes started by Administrator in E:\ideaproject\dydatasource)
[2023-06-14 08:53:10.478] INFO 24552 [main] [com.nyp.Application] : No active profile set, falling back to default profiles: default
[2023-06-14 08:53:10.504] INFO 24552 [main] [org.springframework.boot.web.servlet.context.AnnotationConfigServletWebServerApplicationContext] : Refreshing org.springframework.boot.web.servlet.context.AnnotationConfigServletWebServerApplicationContext@41e36e46: startup date [Wed Jun 14 08:53:10 CST 2023]; root of context hierarchy
[2023-06-14 08:53:10.813] DEBUG 24552 [main] [org.mybatis.spring.boot.autoconfigure.MybatisAutoConfiguration] : Searching for mappers annotated with @Mapper
[2023-06-14 08:53:10.814] DEBUG 24552 [main] [org.mybatis.spring.boot.autoconfigure.MybatisAutoConfiguration] : Using auto-configuration base package 'com.nyp'
[2023-06-14 08:53:10.816] WARN 24552 [main] [org.mybatis.spring.mapper.ClassPathMapperScanner] : No MyBatis mapper was found in '[com.nyp]' package. Please check your configuration.
[2023-06-14 08:53:10.867] WARN 24552 [main] [org.springframework.context.annotation.ConfigurationClassPostProcessor] : Cannot enhance @Configuration bean definition 'mybatisDsMysql1Config' since its singleton instance has been created too early. The typical cause is a non-static @Bean method with a BeanDefinitionRegistryPostProcessor return type: Consider declaring such methods as 'static'.
[2023-06-14 08:53:10.867] WARN 24552 [main] [org.springframework.context.annotation.ConfigurationClassPostProcessor] : Cannot enhance @Configuration bean definition 'mybatisDsNeo4jConfig' since its singleton instance has been created too early. The typical cause is a non-static @Bean method with a BeanDefinitionRegistryPostProcessor return type: Consider declaring such methods as 'static'.
[2023-06-14 08:53:11.016] INFO 24552 [main] [org.springframework.context.support.PostProcessorRegistrationDelegate$BeanPostProcessorChecker] : Bean 'org.springframework.transaction.annotation.ProxyTransactionManagementConfiguration' of type [org.springframework.transaction.annotation.ProxyTransactionManagementConfiguration$$EnhancerBySpringCGLIB$$bd2ba54d] is not eligible for getting processed by all BeanPostProcessors (for example: not eligible for auto-proxying)
[2023-06-14 08:53:11.050] INFO 24552 [main] [org.springframework.context.support.PostProcessorRegistrationDelegate$BeanPostProcessorChecker] : Bean 'org.springframework.boot.autoconfigure.data.neo4j.Neo4jDataAutoConfiguration' of type [org.springframework.boot.autoconfigure.data.neo4j.Neo4jDataAutoConfiguration$$EnhancerBySpringCGLIB$$9105f859] is not eligible for getting processed by all BeanPostProcessors (for example: not eligible for auto-proxying)
[2023-06-14 08:53:11.060] INFO 24552 [main] [org.springframework.context.support.PostProcessorRegistrationDelegate$BeanPostProcessorChecker] : Bean 'org.springframework.boot.context.properties.ConversionServiceDeducer$Factory' of type [org.springframework.boot.context.properties.ConversionServiceDeducer$Factory] is not eligible for getting processed by all BeanPostProcessors (for example: not eligible for auto-proxying)
[2023-06-14 08:53:11.063] INFO 24552 [main] [org.springframework.context.support.PostProcessorRegistrationDelegate$BeanPostProcessorChecker] : Bean 'spring.data.neo4j-org.springframework.boot.autoconfigure.data.neo4j.Neo4jProperties' of type [org.springframework.boot.autoconfigure.data.neo4j.Neo4jProperties] is not eligible for getting processed by all BeanPostProcessors (for example: not eligible for auto-proxying)
[2023-06-14 08:53:11.066] INFO 24552 [main] [org.springframework.context.support.PostProcessorRegistrationDelegate$BeanPostProcessorChecker] : Bean 'configuration' of type [org.neo4j.ogm.config.Configuration] is not eligible for getting processed by all BeanPostProcessors (for example: not eligible for auto-proxying)
[2023-06-14 08:53:11.128] DEBUG 24552 [main] [org.neo4j.ogm.metadata.DomainInfo] : Processing: com.nyp.Application -> java.lang.Object
[2023-06-14 08:53:11.131] DEBUG 24552 [main] [org.neo4j.ogm.metadata.DomainInfo] : Processing: com.nyp.config.ChainedTransactionManagerConfig -> java.lang.Object
[2023-06-14 08:53:11.131] DEBUG 24552 [main] [org.neo4j.ogm.metadata.DomainInfo] : Processing: com.nyp.config.JtaTransactionManagerConfig -> java.lang.Object
[2023-06-14 08:53:11.131] DEBUG 24552 [main] [org.neo4j.ogm.metadata.DomainInfo] : Processing: com.nyp.config.MultiTransaction -> null
[2023-06-14 08:53:11.131] DEBUG 24552 [main] [org.neo4j.ogm.metadata.DomainInfo] : Processing: com.nyp.config.MybatisDsMysql1Config -> java.lang.Object
[2023-06-14 08:53:11.132] DEBUG 24552 [main] [org.neo4j.ogm.metadata.DomainInfo] : Processing: com.nyp.config.MybatisDsMysql2Config -> java.lang.Object
[2023-06-14 08:53:11.132] DEBUG 24552 [main] [org.neo4j.ogm.metadata.DomainInfo] : Processing: com.nyp.config.MybatisDsNeo4jConfig -> java.lang.Object
[2023-06-14 08:53:11.133] DEBUG 24552 [main] [org.neo4j.ogm.metadata.DomainInfo] : Processing: com.nyp.config.TransactionAspect -> java.lang.Object
[2023-06-14 08:53:11.134] DEBUG 24552 [main] [org.neo4j.ogm.metadata.DomainInfo] : Processing: com.nyp.controller.DyController -> java.lang.Object
[2023-06-14 08:53:11.135] DEBUG 24552 [main] [org.neo4j.ogm.metadata.DomainInfo] : Processing: com.nyp.dao.mapper1.PersonDao -> null
[2023-06-14 08:53:11.135] DEBUG 24552 [main] [org.neo4j.ogm.metadata.DomainInfo] : Processing: com.nyp.dao.mapper2.MovieDao -> null
[2023-06-14 08:53:11.135] DEBUG 24552 [main] [org.neo4j.ogm.metadata.DomainInfo] : Processing: com.nyp.dao.mapper3.Person3Dao -> null
[2023-06-14 08:53:11.135] DEBUG 24552 [main] [org.neo4j.ogm.metadata.DomainInfo] : Processing: com.nyp.model.Movie -> java.lang.Object
[2023-06-14 08:53:11.135] DEBUG 24552 [main] [org.neo4j.ogm.metadata.DomainInfo] : Processing: com.nyp.model.Person -> java.lang.Object
[2023-06-14 08:53:11.135] INFO 24552 [main] [org.neo4j.ogm.metadata.DomainInfo] : Starting Post-processing phase
[2023-06-14 08:53:11.135] INFO 24552 [main] [org.neo4j.ogm.metadata.DomainInfo] : Building annotation class map
[2023-06-14 08:53:11.135] INFO 24552 [main] [org.neo4j.ogm.metadata.DomainInfo] : Building interface class map for 13 classes
[2023-06-14 08:53:11.135] DEBUG 24552 [main] [org.neo4j.ogm.metadata.DomainInfo] :  - Movie implements 0 interfaces
[2023-06-14 08:53:11.136] DEBUG 24552 [main] [org.neo4j.ogm.metadata.DomainInfo] :  - MybatisDsNeo4jConfig implements 0 interfaces
[2023-06-14 08:53:11.136] DEBUG 24552 [main] [org.neo4j.ogm.metadata.DomainInfo] :  - Person implements 0 interfaces
[2023-06-14 08:53:11.136] DEBUG 24552 [main] [org.neo4j.ogm.metadata.DomainInfo] :  - MybatisDsMysql1Config implements 0 interfaces
[2023-06-14 08:53:11.136] DEBUG 24552 [main] [org.neo4j.ogm.metadata.DomainInfo] :  - PersonDao implements 0 interfaces
[2023-06-14 08:53:11.136] DEBUG 24552 [main] [org.neo4j.ogm.metadata.DomainInfo] :  - MovieDao implements 0 interfaces
[2023-06-14 08:53:11.136] DEBUG 24552 [main] [org.neo4j.ogm.metadata.DomainInfo] :  - Person3Dao implements 0 interfaces
[2023-06-14 08:53:11.136] DEBUG 24552 [main] [org.neo4j.ogm.metadata.DomainInfo] :  - MybatisDsMysql2Config implements 0 interfaces
[2023-06-14 08:53:11.136] DEBUG 24552 [main] [org.neo4j.ogm.metadata.DomainInfo] :  - Application implements 0 interfaces
[2023-06-14 08:53:11.136] DEBUG 24552 [main] [org.neo4j.ogm.metadata.DomainInfo] :  - ChainedTransactionManagerConfig implements 0 interfaces
[2023-06-14 08:53:11.136] DEBUG 24552 [main] [org.neo4j.ogm.metadata.DomainInfo] :  - DyController implements 0 interfaces
[2023-06-14 08:53:11.136] DEBUG 24552 [main] [org.neo4j.ogm.metadata.DomainInfo] :  - TransactionAspect implements 0 interfaces
[2023-06-14 08:53:11.136] DEBUG 24552 [main] [org.neo4j.ogm.metadata.DomainInfo] :  - JtaTransactionManagerConfig implements 0 interfaces
[2023-06-14 08:53:11.136] DEBUG 24552 [main] [org.neo4j.ogm.metadata.DomainInfo] : Post-processing: com.nyp.model.Movie
[2023-06-14 08:53:11.136] DEBUG 24552 [main] [org.neo4j.ogm.metadata.DomainInfo] : Post-processing: com.nyp.config.MybatisDsNeo4jConfig
[2023-06-14 08:53:11.136] DEBUG 24552 [main] [org.neo4j.ogm.metadata.DomainInfo] : Post-processing: com.nyp.model.Person
[2023-06-14 08:53:11.136] DEBUG 24552 [main] [org.neo4j.ogm.metadata.DomainInfo] : Post-processing: com.nyp.config.MybatisDsMysql1Config
[2023-06-14 08:53:11.136] DEBUG 24552 [main] [org.neo4j.ogm.metadata.DomainInfo] : Post-processing: com.nyp.dao.mapper1.PersonDao
[2023-06-14 08:53:11.136] DEBUG 24552 [main] [org.neo4j.ogm.metadata.DomainInfo] : Post-processing: com.nyp.dao.mapper2.MovieDao
[2023-06-14 08:53:11.136] DEBUG 24552 [main] [org.neo4j.ogm.metadata.DomainInfo] : Post-processing: com.nyp.dao.mapper3.Person3Dao
[2023-06-14 08:53:11.136] DEBUG 24552 [main] [org.neo4j.ogm.metadata.DomainInfo] : Post-processing: com.nyp.config.MybatisDsMysql2Config
[2023-06-14 08:53:11.136] DEBUG 24552 [main] [org.neo4j.ogm.metadata.DomainInfo] : Post-processing: com.nyp.Application
[2023-06-14 08:53:11.136] DEBUG 24552 [main] [org.neo4j.ogm.metadata.DomainInfo] : Post-processing: com.nyp.config.ChainedTransactionManagerConfig
[2023-06-14 08:53:11.136] DEBUG 24552 [main] [org.neo4j.ogm.metadata.DomainInfo] : Post-processing: com.nyp.controller.DyController
[2023-06-14 08:53:11.136] DEBUG 24552 [main] [org.neo4j.ogm.metadata.DomainInfo] : Post-processing: com.nyp.config.TransactionAspect
[2023-06-14 08:53:11.136] DEBUG 24552 [main] [org.neo4j.ogm.metadata.DomainInfo] : Post-processing: com.nyp.config.JtaTransactionManagerConfig
[2023-06-14 08:53:11.136] DEBUG 24552 [main] [org.neo4j.ogm.metadata.DomainInfo] : Checking for @Transient classes....
[2023-06-14 08:53:11.136] DEBUG 24552 [main] [org.neo4j.ogm.metadata.DomainInfo] : Registering converters and deregistering transient fields and methods....
[2023-06-14 08:53:11.139] INFO 24552 [main] [org.neo4j.ogm.metadata.DomainInfo] : Post-processing complete
[2023-06-14 08:53:11.140] DEBUG 24552 [main] [org.neo4j.ogm.metadata.schema.DomainInfoSchemaBuilder] : Type org.springframework.jdbc.datasource.DataSourceTransactionManager not found. Did you specify 'packages' parameter to SessionFactory correctly?
[2023-06-14 08:53:11.141] DEBUG 24552 [main] [org.neo4j.ogm.metadata.schema.DomainInfoSchemaBuilder] : Type org.springframework.jdbc.datasource.DataSourceTransactionManager not found. Did you specify 'packages' parameter to SessionFactory correctly?
[2023-06-14 08:53:11.141] DEBUG 24552 [main] [org.neo4j.ogm.metadata.schema.DomainInfoSchemaBuilder] : Type org.springframework.jdbc.datasource.DataSourceTransactionManager not found. Did you specify 'packages' parameter to SessionFactory correctly?
[2023-06-14 08:53:11.141] DEBUG 24552 [main] [org.neo4j.ogm.metadata.schema.DomainInfoSchemaBuilder] : Type org.springframework.jdbc.datasource.DataSourceTransactionManager not found. Did you specify 'packages' parameter to SessionFactory correctly?
[2023-06-14 08:53:11.141] DEBUG 24552 [main] [org.neo4j.ogm.metadata.schema.DomainInfoSchemaBuilder] : Type org.springframework.jdbc.datasource.DataSourceTransactionManager not found. Did you specify 'packages' parameter to SessionFactory correctly?
[2023-06-14 08:53:11.141] DEBUG 24552 [main] [org.neo4j.ogm.metadata.schema.DomainInfoSchemaBuilder] : Type org.springframework.jdbc.datasource.DataSourceTransactionManager not found. Did you specify 'packages' parameter to SessionFactory correctly?
[2023-06-14 08:53:11.149] DEBUG 24552 [main] [org.neo4j.ogm.metadata.ClassInfo] : Building Index Metadata.
[2023-06-14 08:53:11.152] INFO 24552 [main] [org.springframework.context.support.PostProcessorRegistrationDelegate$BeanPostProcessorChecker] : Bean 'sessionFactory' of type [org.neo4j.ogm.session.SessionFactory] is not eligible for getting processed by all BeanPostProcessors (for example: not eligible for auto-proxying)
[2023-06-14 08:53:11.408] INFO 24552 [main] [org.springframework.boot.web.embedded.tomcat.TomcatWebServer] : Tomcat initialized with port(s): 8657 (http)
[2023-06-14 08:53:11.419] INFO 24552 [main] [org.apache.catalina.core.StandardService] : Starting service [Tomcat]
[2023-06-14 08:53:11.419] INFO 24552 [main] [org.apache.catalina.core.StandardEngine] : Starting Servlet Engine: Apache Tomcat/8.5.29
[2023-06-14 08:53:11.421] INFO 24552 [localhost-startStop-1] [org.apache.catalina.core.AprLifecycleListener] : The APR based Apache Tomcat Native library which allows optimal performance in production environments was not found on the java.library.path: [E:\Program Files\Java\jdk1.8.0_181\bin;C:\Windows\Sun\Java\bin;C:\Windows\system32;C:\Windows;C:\Program Files\VanDyke Software\Clients\;C:\Program Files (x86)\Common Files\Oracle\Java\javapath;C:\Windows\system32;C:\Windows;C:\Windows\System32\Wbem;C:\Windows\System32\WindowsPowerShell\v1.0\;C:\Windows\System32\OpenSSH\;e:\Program Files\Git\cmd;C:\Program Files (x86)\NetSarang\Xftp 7\;C:\Users\Administrator\AppData\Local\Microsoft\WindowsApps;E:\Program Files\Java\jdk-11.0.6\bin;E:\Program Files\Java\jdk-11.0.6\jre\bin;E:\apache-maven-3.8.5\bin;E:\Program Files\hadoop-2.8.3\bin;E:\gradle-8.0-rc-2-all\gradle-8.0-rc-2\bin;f:\Program Files\JetBrains\PyCharm Community Edition 2022.2\bin;;F:\Program Files\JetBrains\PyCharm 2022.2\bin;;E:\gradle-8.0-rc-2-all\gradle-8.0-rc-2\bin;C:\Users\Administrator\AppData\Local\Programs\Python\Python37;C:\Users\Administrator\AppData\Local\Programs\Python\Python37\Scripts;;.]
[2023-06-14 08:53:11.627] INFO 24552 [localhost-startStop-1] [org.apache.catalina.core.ContainerBase.[Tomcat].[localhost].[/]] : Initializing Spring embedded WebApplicationContext
[2023-06-14 08:53:11.627] INFO 24552 [localhost-startStop-1] [org.springframework.web.context.ContextLoader] : Root WebApplicationContext: initialization completed in 1124 ms
[2023-06-14 08:53:12.419] INFO 24552 [localhost-startStop-1] [org.springframework.boot.web.servlet.ServletRegistrationBean] : Servlet dispatcherServlet mapped to [/]
[2023-06-14 08:53:12.421] INFO 24552 [localhost-startStop-1] [org.springframework.boot.web.servlet.FilterRegistrationBean] : Mapping filter: 'characterEncodingFilter' to: [/*]
[2023-06-14 08:53:12.422] INFO 24552 [localhost-startStop-1] [org.springframework.boot.web.servlet.FilterRegistrationBean] : Mapping filter: 'hiddenHttpMethodFilter' to: [/*]
[2023-06-14 08:53:12.422] INFO 24552 [localhost-startStop-1] [org.springframework.boot.web.servlet.FilterRegistrationBean] : Mapping filter: 'httpPutFormContentFilter' to: [/*]
[2023-06-14 08:53:12.422] INFO 24552 [localhost-startStop-1] [org.springframework.boot.web.servlet.FilterRegistrationBean] : Mapping filter: 'requestContextFilter' to: [/*]
[2023-06-14 08:53:12.503] DEBUG 24552 [main] [com.atomikos.logging.LoggerFactory] : Using Slf4J for logging.
[2023-06-14 08:53:12.508] INFO 24552 [main] [com.atomikos.jdbc.AbstractDataSourceBean] : AtomikosDataSoureBean 'ds1': init...
[2023-06-14 08:53:12.508] WARN 24552 [main] [com.atomikos.jdbc.AbstractDataSourceBean] : AtomikosDataSoureBean 'ds1': poolSize equals default - this may cause performance problems!
[2023-06-14 08:53:12.508] INFO 24552 [main] [com.atomikos.jdbc.AtomikosDataSourceBean] : AtomikosDataSoureBean 'ds1': initializing with [ xaDataSourceClassName=null, uniqueResourceName=ds1, maxPoolSize=1, minPoolSize=1, borrowConnectionTimeout=30, maxIdleTime=60, reapTimeout=0, maintenanceInterval=60, testQuery=null, xaProperties=[], loginTimeout=0, maxLifetime=0]
[2023-06-14 08:53:12.669] INFO 24552 [main] [com.alibaba.druid.pool.DruidDataSource] : {dataSource-1} inited
[2023-06-14 08:53:12.682] DEBUG 24552 [main] [org.apache.ibatis.logging.LogFactory] : Logging initialized using 'class org.apache.ibatis.logging.slf4j.Slf4jImpl' adapter.
[2023-06-14 08:53:12.732] DEBUG 24552 [main] [org.mybatis.spring.SqlSessionFactoryBean] : Property 'configuration' or 'configLocation' not specified, using default MyBatis Configuration
[2023-06-14 08:53:12.789] DEBUG 24552 [main] [org.mybatis.spring.SqlSessionFactoryBean] : Parsed mapper file: 'file [E:\ideaproject\dydatasource\target\classes\mapper\MovieDao.xml]'
[2023-06-14 08:53:12.793] DEBUG 24552 [main] [org.mybatis.spring.SqlSessionFactoryBean] : Parsed mapper file: 'file [E:\ideaproject\dydatasource\target\classes\mapper\Person3Dao.xml]'
[2023-06-14 08:53:12.797] DEBUG 24552 [main] [org.mybatis.spring.SqlSessionFactoryBean] : Parsed mapper file: 'file [E:\ideaproject\dydatasource\target\classes\mapper\PersonDao.xml]'
[2023-06-14 08:53:12.805] WARN 24552 [main] [org.springframework.boot.web.servlet.context.AnnotationConfigServletWebServerApplicationContext] : Exception encountered during context initialization - cancelling refresh attempt: org.springframework.beans.factory.UnsatisfiedDependencyException: Error creating bean with name 'dyController': Unsatisfied dependency expressed through field 'movieDao'; nested exception is org.springframework.beans.factory.BeanCreationException: Error creating bean with name 'movieDao' defined in file [E:\ideaproject\dydatasource\target\classes\com\nyp\dao\mapper2\MovieDao.class]: Cannot resolve reference to bean 'sqlSessionFactoryNeo4j' while setting bean property 'sqlSessionFactory'; nested exception is org.springframework.beans.factory.UnsatisfiedDependencyException: Error creating bean with name 'sqlSessionFactoryNeo4j' defined in class path resource [com/nyp/config/MybatisDsNeo4jConfig.class]: Unsatisfied dependency expressed through method 'sqlSessionFactory2' parameter 0; nested exception is org.springframework.beans.factory.UnsatisfiedDependencyException: Error creating bean with name 'dsNeo4j' defined in class path resource [com/nyp/config/MybatisDsNeo4jConfig.class]: Unsatisfied dependency expressed through method 'dsNeoDataSource' parameter 0; nested exception is org.springframework.beans.factory.BeanCreationException: Error creating bean with name 'druidXADataSourceNeo4j' defined in class path resource [com/nyp/config/MybatisDsNeo4jConfig.class]: Bean instantiation via factory method failed; nested exception is org.springframework.beans.BeanInstantiationException: Failed to instantiate [org.springframework.boot.jta.bitronix.PoolingDataSourceBean$DirectXADataSource]: Factory method 'druidXADataSourceNeo' threw exception; nested exception is java.lang.NoClassDefFoundError: bitronix/tm/resource/jdbc/PoolingDataSource
[2023-06-14 08:53:12.805] INFO 24552 [main] [com.atomikos.jdbc.AbstractDataSourceBean] : AtomikosDataSoureBean 'ds1': close...
[2023-06-14 08:53:12.805] INFO 24552 [main] [com.atomikos.datasource.pool.ConnectionPool] : atomikos connection pool 'ds1': destroying pool...
[2023-06-14 08:53:12.805] INFO 24552 [main] [com.alibaba.druid.pool.DruidDataSource] : {dataSource-1} closing ...
[2023-06-14 08:53:12.810] INFO 24552 [main] [com.alibaba.druid.pool.DruidDataSource] : {dataSource-1} closed
[2023-06-14 08:53:12.811] INFO 24552 [main] [org.apache.catalina.core.StandardService] : Stopping service [Tomcat]
